<?xml version="1.0" encoding="UTF-8"?>
<!-- Generated by org.testng.reporters.JUnitReportReporter -->
<testsuite skipped="0" hostname="Pavanis-MBP.lan" name="day1.Test1" tests="1" failures="0" timestamp="2021-11-02T11:44:05 PDT" time="0.008" errors="0">
  <testcase name="Method2" time="0.008" classname="day1.Test1"/>
  <system-out/>
</testsuite> <!-- day1.Test1 -->
