<?xml version="1.0" encoding="UTF-8"?>
<!-- Generated by org.testng.reporters.JUnitReportReporter -->
<testsuite skipped="0" hostname="Pavanis-MBP.lan" name="day1.HomeLoan" tests="4" failures="0" timestamp="2021-11-02T11:44:05 PDT" time="0.006" errors="0">
  <testcase name="WebHomeLoan" time="0.001" classname="day1.HomeLoan"/>
  <system-out/>
  <testcase name="MobileBillPay" time="0.001" classname="day1.HomeLoan"/>
  <system-out/>
  <testcase name="MobileHomeLoan" time="0.002" classname="day1.HomeLoan"/>
  <system-out/>
  <testcase name="MobileRecieveBill" time="0.002" classname="day1.HomeLoan"/>
  <system-out/>
</testsuite> <!-- day1.HomeLoan -->
