<?xml version="1.0" encoding="UTF-8"?>
<!-- Generated by org.testng.reporters.JUnitReportReporter -->
<testsuite skipped="0" hostname="Pavanis-MBP.lan" name="day1.CarLoan" tests="3" failures="0" timestamp="2021-11-02T11:44:05 PDT" time="0.011" errors="0">
  <testcase name="webLogin" time="0.003" classname="day1.CarLoan"/>
  <system-out/>
  <testcase name="ApiLogin" time="0.007" classname="day1.CarLoan"/>
  <system-out/>
  <testcase name="MobileLogin" time="0.001" classname="day1.CarLoan"/>
  <system-out/>
</testsuite> <!-- day1.CarLoan -->
