<?xml version="1.0" encoding="UTF-8"?>
<!-- Generated by org.testng.reporters.JUnitReportReporter -->
<testsuite hostname="Pavanis-MBP.lan" failures="0" tests="1" name="TestNumberOfDigits" time="0.066" errors="0" timestamp="2022-04-04T11:45:57 PDT" skipped="0">
  <testcase classname="TestNumberOfDigits" name="test" time="0.066"/>
  <system-out/>
</testsuite> <!-- TestNumberOfDigits -->
