<?xml version="1.0" encoding="UTF-8"?>
<!-- Generated by org.testng.reporters.JUnitReportReporter -->
<testsuite skipped="0" hostname="Pavanis-MBP.lan" name="day1.DataProviderForTests" tests="3" failures="0" timestamp="2021-11-02T11:44:05 PDT" time="0.005" errors="0">
  <testcase name="parentMethod" time="0.001" classname="day1.DataProviderForTests"/>
  <system-out/>
  <testcase name="parentMethod" time="0.002" classname="day1.DataProviderForTests"/>
  <system-out/>
  <testcase name="parentMethod" time="0.002" classname="day1.DataProviderForTests"/>
  <system-out/>
</testsuite> <!-- day1.DataProviderForTests -->
